<?xml version="1.0" encoding="UTF-8" standalone="no"?>
<!DOCTYPE log SYSTEM "logger.dtd">
<log>
<record>
  <date>2019-09-30T17:11:45.284-0300</date>
  <logger>RODRIGO ESTRELA DE SOUSA</logger>
  <level>FINE</level>
  <message>File 118210418-RODRIGO ESTRELA DE SOUSA.zip was received. It was sent by RODRIGO ESTRELA DE SOUSA from IP 150.165.42.155 at 30-09-2019 17*11*45</message>
</record>
</log>
<?xml version="1.0" encoding="UTF-8" standalone="no"?>
<!DOCTYPE log SYSTEM "logger.dtd">
<log>
<record>
  <date>2019-09-30T17:44:38.716-0300</date>
  <logger>RODRIGO ESTRELA DE SOUSA</logger>
  <level>FINE</level>
  <message>File 118210418-RODRIGO ESTRELA DE SOUSA.zip was received. It was sent by RODRIGO ESTRELA DE SOUSA from IP 150.165.42.178 at 30-09-2019 17*44*38</message>
</record>
</log>
<?xml version="1.0" encoding="UTF-8" standalone="no"?>
<!DOCTYPE log SYSTEM "logger.dtd">
<log>
<record>
  <date>2019-09-30T17:51:45.092-0300</date>
  <logger>RODRIGO ESTRELA DE SOUSA</logger>
  <level>FINE</level>
  <message>File 118210418-RODRIGO ESTRELA DE SOUSA.zip was received. It was sent by RODRIGO ESTRELA DE SOUSA from IP 150.165.42.178 at 30-09-2019 17*51*45</message>
</record>
